<?xml version="1.0" encoding="UTF-8"?>
<!-- Generated by org.testng.reporters.JUnitReportReporter -->
<testsuite hostname="AFZAL" failures="0" tests="1" name="TestCases.TC002_Login" time="1.899" errors="0" timestamp="2025-01-05T22:40:30 IST" skipped="0">
  <testcase classname="TestCases.TC002_Login" name="TestLogin" time="1.899"/>
</testsuite> <!-- TestCases.TC002_Login -->
