<?xml version="1.0" encoding="UTF-8"?>
<!-- Generated by org.testng.reporters.JUnitReportReporter -->
<testsuite hostname="AFZAL" failures="0" tests="1" name="TestCases.TC001_UserRegistration" time="2.183" errors="0" timestamp="2025-01-05T22:40:30 IST" skipped="0">
  <testcase classname="TestCases.TC001_UserRegistration" name="TesRegisteration" time="2.183"/>
</testsuite> <!-- TestCases.TC001_UserRegistration -->
