<?xml version="1.0" encoding="UTF-8"?>
<!-- Generated by org.testng.reporters.JUnitReportReporter -->
<testsuite hostname="AFZAL" failures="0" tests="1" name="TestCases.TC002_Login" time="2.304" errors="0" timestamp="2025-01-07T01:13:21 IST" skipped="0">
  <testcase classname="TestCases.TC002_Login" name="TestLogin" time="2.304"/>
</testsuite> <!-- TestCases.TC002_Login -->
